<?xml version="1.0" encoding="UTF-8"?>
<!-- Generated by org.testng.reporters.JUnitReportReporter -->
<testsuite hostname="LAPTOP-66KHMHA0" failures="0" tests="1" name="seleniumbasics.TestNGAnnotations" time="0.063" errors="0" timestamp="2025-09-12T10:49:13 IST" skipped="0">
  <testcase classname="seleniumbasics.TestNGAnnotations" name="testCase" time="0.063"/>
</testsuite> <!-- seleniumbasics.TestNGAnnotations -->
